#
# A fatal error has been detected by the Java Runtime Environment:
#
#  EXCEPTION_ACCESS_VIOLATION (0xc0000005) at pc=0x0000000059ea8855, pid=35844, tid=35620
#
# JRE version: Java(TM) SE Runtime Environment (8.0_65-b17) (build 1.8.0_65-b17)
# Java VM: Java HotSpot(TM) 64-Bit Server VM (25.65-b01 mixed mode windows-amd64 compressed oops)
# Problematic frame:
# V  [jvm.dll+0x128855]
#
# Failed to write core dump. Minidumps are not enabled by default on client versions of Windows
#
# If you would like to submit a bug report, please visit:
#   http://bugreport.java.com/bugreport/crash.jsp
#

---------------  T H R E A D  ---------------

Current thread (0x000000001b8e6000):  JavaThread "JDWP Transport Listener: dt_socket" daemon [_thread_in_vm, id=35620, stack(0x000000001bce0000,0x000000001bde0000)]

siginfo: ExceptionCode=0xc0000005, reading address 0xffffffffffffffff

Registers:
RAX=0x000000001bddf001, RBX=0x000000001b8e6000, RCX=0x4b543c65646f4e65, RDX=0x0000000000000000
RSP=0x000000001bddf0a0, RBP=0x4b543c65646f4e65, RSI=0x000000001bddf1b8, RDI=0x0000000005688930
R8 =0x000000001b8e6000, R9 =0x0000000000008000, R10=0x000000001c5782e0, R11=0x000000001ba9a395
R12=0x0000000000000000, R13=0x000000001b8e3838, R14=0x0000000000000000, R15=0x0000000000000000
RIP=0x0000000059ea8855, EFLAGS=0x0000000000010206

Top of Stack: (sp=0x000000001bddf0a0)
0x000000001bddf0a0:   000000001b8e6000 000000001b8e6000
0x000000001bddf0b0:   000000001bddf168 000000005a0ae19b
0x000000001bddf0c0:   000000001b8e6000 000000005a0ca9fd
0x000000001bddf0d0:   0000000000000000 0000000059cb9155
0x000000001bddf0e0:   000000001a277248 0000000059cc291e
0x000000001bddf0f0:   000000001b8e6000 0000000000000000
0x000000001bddf100:   0000000000000000 0000000000000000
0x000000001bddf110:   4b543c65646f4e65 0000000059cc1a15
0x000000001bddf120:   000000001bddf1b8 000000001bddf190
0x000000001bddf130:   0000000000000001 000000001a277248
0x000000001bddf140:   4b543c65646f4e65 0000000059ca53b3
0x000000001bddf150:   000000001bddf280 0000000000000001
0x000000001bddf160:   0000000000000001 000000001a277248
0x000000001bddf170:   00000000f000100a 0000000000000000
0x000000001bddf180:   0000000000000000 0000000000000000
0x000000001bddf190:   0000000000000001 0000000059ca5571 

Instructions: (pc=0x0000000059ea8855)
0x0000000059ea8835:   cc cc cc cc cc cc cc cc cc cc cc 48 83 ec 28 48
0x0000000059ea8845:   85 c9 75 07 33 c0 48 83 c4 28 c3 48 89 5c 24 20
0x0000000059ea8855:   48 8b 19 48 85 db 74 20 48 83 fb 37 74 1a 48 8b
0x0000000059ea8865:   13 48 8b cb ff 52 10 84 c0 74 0d 48 8b c3 48 8b 


Register to memory mapping:

RAX=0x000000001bddf001 is pointing into the stack for thread: 0x000000001b8e6000
RBX=0x000000001b8e6000 is a thread
RCX=0x4b543c65646f4e65 is an unknown value
RDX=0x0000000000000000 is an unknown value
RSP=0x000000001bddf0a0 is pointing into the stack for thread: 0x000000001b8e6000
RBP=0x4b543c65646f4e65 is an unknown value
RSI=0x000000001bddf1b8 is pointing into the stack for thread: 0x000000001b8e6000
RDI=0x0000000005688930 is an unknown value
R8 =0x000000001b8e6000 is a thread
R9 =0x0000000000008000 is an unknown value
R10=0x000000001c5782e0 is an unknown value
R11=0x000000001ba9a395 is an unknown value
R12=0x0000000000000000 is an unknown value
R13=0x000000001b8e3838 is an unknown value
R14=0x0000000000000000 is an unknown value
R15=0x0000000000000000 is an unknown value


Stack: [0x000000001bce0000,0x000000001bde0000],  sp=0x000000001bddf0a0,  free space=1020k
Native frames: (J=compiled Java code, j=interpreted, Vv=VM code, C=native code)
V  [jvm.dll+0x128855]
V  [jvm.dll+0x34a9fd]
C  [jdwp.dll+0x21a15]
C  [jdwp.dll+0x53b3]
C  [jdwp.dll+0x5571]
C  [jdwp.dll+0xf0a8]
C  [jdwp.dll+0x1f2d5]
C  [jdwp.dll+0x1f4aa]
V  [jvm.dll+0x1bb8f8]
V  [jvm.dll+0x243144]
V  [jvm.dll+0x299f7a]
C  [msvcr100.dll+0x21d9f]
C  [msvcr100.dll+0x21e3b]
C  [KERNEL32.DLL+0x11fe4]
C  [ntdll.dll+0x6f061]


---------------  P R O C E S S  ---------------

Java Threads: ( => current thread )
  0x000000001b9aa800 JavaThread "Service Thread" daemon [_thread_blocked, id=34920, stack(0x000000001c2e0000,0x000000001c3e0000)]
  0x000000001b998000 JavaThread "C1 CompilerThread2" daemon [_thread_blocked, id=36132, stack(0x000000001c1e0000,0x000000001c2e0000)]
  0x000000001b96b800 JavaThread "C2 CompilerThread1" daemon [_thread_blocked, id=37604, stack(0x000000001c0e0000,0x000000001c1e0000)]
  0x000000001b96a800 JavaThread "C2 CompilerThread0" daemon [_thread_blocked, id=35408, stack(0x000000001bfe0000,0x000000001c0e0000)]
  0x000000001b8f5800 JavaThread "JDWP Command Reader" daemon [_thread_in_native, id=35684, stack(0x000000001bee0000,0x000000001bfe0000)]
  0x000000001b8f2000 JavaThread "JDWP Event Helper Thread" daemon [_thread_blocked, id=32952, stack(0x000000001bde0000,0x000000001bee0000)]
=>0x000000001b8e6000 JavaThread "JDWP Transport Listener: dt_socket" daemon [_thread_in_vm, id=35620, stack(0x000000001bce0000,0x000000001bde0000)]
  0x000000001a2db800 JavaThread "Attach Listener" daemon [_thread_blocked, id=35044, stack(0x000000001b7e0000,0x000000001b8e0000)]
  0x000000001a2da000 JavaThread "Signal Dispatcher" daemon [_thread_blocked, id=35056, stack(0x000000001b6e0000,0x000000001b7e0000)]
  0x0000000005788000 JavaThread "Finalizer" daemon [_thread_blocked, id=31916, stack(0x000000001b4e0000,0x000000001b5e0000)]
  0x000000001a249800 JavaThread "Reference Handler" daemon [_thread_blocked, id=22708, stack(0x000000001b3e0000,0x000000001b4e0000)]
  0x0000000005692800 JavaThread "main" [_thread_blocked, id=35916, stack(0x0000000003890000,0x0000000003990000)]

Other Threads:
  0x000000001a247800 VMThread [stack: 0x000000001b2e0000,0x000000001b3e0000] [id=24928]
  0x000000001ba5c800 WatcherThread [stack: 0x000000001c3e0000,0x000000001c4e0000] [id=37228]

VM state:not at safepoint (normal execution)

VM Mutex/Monitor currently owned by a thread: None

Heap:
 PSYoungGen      total 37888K, used 6577K [0x00000000d6000000, 0x00000000d8a00000, 0x0000000100000000)
  eden space 32768K, 20% used [0x00000000d6000000,0x00000000d666c798,0x00000000d8000000)
  from space 5120K, 0% used [0x00000000d8500000,0x00000000d8500000,0x00000000d8a00000)
  to   space 5120K, 0% used [0x00000000d8000000,0x00000000d8000000,0x00000000d8500000)
 ParOldGen       total 86016K, used 0K [0x0000000082000000, 0x0000000087400000, 0x00000000d6000000)
  object space 86016K, 0% used [0x0000000082000000,0x0000000082000000,0x0000000087400000)
 Metaspace       used 4813K, capacity 5012K, committed 5248K, reserved 1056768K
  class space    used 548K, capacity 601K, committed 640K, reserved 1048576K

Card table byte_map: [0x0000000014b50000,0x0000000014f50000] byte_map_base: 0x0000000014740000

Marking Bits: (ParMarkBitMap*) 0x000000005a58a5b0
 Begin Bits: [0x00000000155f0000, 0x0000000017570000)
 End Bits:   [0x0000000017570000, 0x00000000194f0000)

Polling page: 0x0000000000ff0000

CodeCache: size=245760Kb used=1594Kb max_used=1594Kb free=244165Kb
 bounds [0x0000000005790000, 0x0000000005a00000, 0x0000000014790000]
 total_blobs=542 nmethods=280 adapters=183
 compilation: enabled

Compilation events (10 events):
Event: 14.784 Thread 0x000000001b998000  273       3       jdk.internal.org.objectweb.asm.ByteVector::putByteArray (49 bytes)
Event: 14.784 Thread 0x000000001b998000 nmethod 273 0x000000000591ab10 code [0x000000000591ac80, 0x000000000591af98]
Event: 14.785 Thread 0x000000001b998000  275       3       jdk.internal.org.objectweb.asm.ByteVector::putInt (74 bytes)
Event: 14.785 Thread 0x000000001b998000 nmethod 275 0x000000000591d650 code [0x000000000591d7c0, 0x000000000591da68]
Event: 14.785 Thread 0x000000001b998000  276       3       jdk.internal.org.objectweb.asm.ByteVector::enlarge (51 bytes)
Event: 14.785 Thread 0x000000001b998000 nmethod 276 0x000000000591d0d0 code [0x000000000591d240, 0x000000000591d568]
Event: 14.787 Thread 0x000000001b998000  278       3       sun.invoke.util.Wrapper::forBasicType (16 bytes)
Event: 14.788 Thread 0x000000001b998000 nmethod 278 0x000000000591cc10 code [0x000000000591cd80, 0x000000000591cff8]
Event: 14.790 Thread 0x000000001b998000  279       3       org.groovy.debug.hotswap.ResetAgent::removeTimestampField (63 bytes)
Event: 14.790 Thread 0x000000001b998000 nmethod 279 0x000000000591e590 code [0x000000000591e760, 0x000000000591ecf8]

GC Heap History (0 events):
No events

Deoptimization events (0 events):
No events

Internal exceptions (8 events):
Event: 0.043 Thread 0x0000000005692800 Exception <a 'java/lang/NoSuchMethodError': Method sun.misc.Unsafe.defineClass(Ljava/lang/String;[BII)Ljava/lang/Class; name or signature does not match> (0x00000000d6013058) thrown at [C:\workspace\8-2-build-windows-amd64-cygwin\jdk8u65\4987\hotspot\src\sA}ÔT¶?
Event: 0.043 Thread 0x0000000005692800 Exception <a 'java/lang/NoSuchMethodError': Method sun.misc.Unsafe.prefetchRead(Ljava/lang/Object;J)V name or signature does not match> (0x00000000d6013340) thrown at [C:\workspace\8-2-build-windows-amd64-cygwin\jdk8u65\4987\hotspot\src\share\vm\prims\jni.Z€+—&∆?
Event: 0.173 Thread 0x0000000005692800 Exception <a 'java/security/PrivilegedActionException'> (0x00000000d632dde8) thrown at [C:\workspace\8-2-build-windows-amd64-cygwin\jdk8u65\4987\hotspot\src\share\vm\prims\jvm.cpp, line 1386]
Event: 0.173 Thread 0x0000000005692800 Exception <a 'java/security/PrivilegedActionException'> (0x00000000d632e1e0) thrown at [C:\workspace\8-2-build-windows-amd64-cygwin\jdk8u65\4987\hotspot\src\share\vm\prims\jvm.cpp, line 1386]
Event: 0.174 Thread 0x0000000005692800 Exception <a 'java/security/PrivilegedActionException'> (0x00000000d6332210) thrown at [C:\workspace\8-2-build-windows-amd64-cygwin\jdk8u65\4987\hotspot\src\share\vm\prims\jvm.cpp, line 1386]
Event: 0.174 Thread 0x0000000005692800 Exception <a 'java/security/PrivilegedActionException'> (0x00000000d6332608) thrown at [C:\workspace\8-2-build-windows-amd64-cygwin\jdk8u65\4987\hotspot\src\share\vm\prims\jvm.cpp, line 1386]
Event: 14.768 Thread 0x0000000005692800 Exception <a 'java/lang/NoSuchFieldError': method resolution failed> (0x00000000d6586ba8) thrown at [C:\workspace\8-2-build-windows-amd64-cygwin\jdk8u65\4987\hotspot\src\share\vm\prims\methodHandles.cpp, line 1146]
Event: 14.769 Thread 0x0000000005692800 Exception <a 'java/lang/NoSuchFieldError': method resolution failed> (0x00000000d6594a20) thrown at [C:\workspace\8-2-build-windows-amd64-cygwin\jdk8u65\4987\hotspot\src\share\vm\prims\methodHandles.cpp, line 1146]

Events (10 events):
Event: 95.342 Executing VM operation: ChangeBreakpoints
Event: 95.342 Executing VM operation: ChangeBreakpoints done
Event: 149.860 Executing VM operation: ChangeBreakpoints
Event: 149.860 Executing VM operation: ChangeBreakpoints done
Event: 149.863 Thread 0x000000001b8e6000 DEOPT PACKING pc=0x00000000058cd5ec sp=0x000000001bdddc80
Event: 149.863 Thread 0x000000001b8e6000 DEOPT UNPACKING pc=0x00000000057d787f sp=0x000000001bddd9b8 mode 1
Event: 149.923 Executing VM operation: RedefineClasses
Event: 149.924 Executing VM operation: RedefineClasses done
Event: 149.929 Executing VM operation: GetOrSetLocal
Event: 149.929 Executing VM operation: GetOrSetLocal done


Dynamic libraries:
0x00007ff6b0350000 - 0x00007ff6b0387000 	F:\Program Files\Java\jdk1.8.0_65\bin\java.exe
0x00007ffeb9270000 - 0x00007ffeb9450000 	C:\WINDOWS\SYSTEM32\ntdll.dll
0x00007ffeb8a60000 - 0x00007ffeb8b0e000 	C:\WINDOWS\System32\KERNEL32.DLL
0x00007ffeb6020000 - 0x00007ffeb6286000 	C:\WINDOWS\System32\KERNELBASE.dll
0x00007ffeb7230000 - 0x00007ffeb72d1000 	C:\WINDOWS\System32\ADVAPI32.dll
0x00007ffeb6c40000 - 0x00007ffeb6cdd000 	C:\WINDOWS\System32\msvcrt.dll
0x00007ffeb6d80000 - 0x00007ffeb6ddb000 	C:\WINDOWS\System32\sechost.dll
0x00007ffeb74e0000 - 0x00007ffeb75ff000 	C:\WINDOWS\System32\RPCRT4.dll
0x00007ffeb6a90000 - 0x00007ffeb6c1f000 	C:\WINDOWS\System32\USER32.dll
0x00007ffeb6720000 - 0x00007ffeb6740000 	C:\WINDOWS\System32\win32u.dll
0x00007ffeb9210000 - 0x00007ffeb9238000 	C:\WINDOWS\System32\GDI32.dll
0x00007ffeb6330000 - 0x00007ffeb64c3000 	C:\WINDOWS\System32\gdi32full.dll
0x00007ffeb6290000 - 0x00007ffeb632b000 	C:\WINDOWS\System32\msvcp_win.dll
0x00007ffeb5f20000 - 0x00007ffeb6016000 	C:\WINDOWS\System32\ucrtbase.dll
0x00007ffeafb00000 - 0x00007ffeafd69000 	C:\WINDOWS\WinSxS\amd64_microsoft.windows.common-controls_6595b64144ccf1df_6.0.16299.371_none_15c7d1789365a290\COMCTL32.dll
0x00007ffeb8f00000 - 0x00007ffeb9208000 	C:\WINDOWS\System32\combase.dll
0x00007ffeb64d0000 - 0x00007ffeb6542000 	C:\WINDOWS\System32\bcryptPrimitives.dll
0x00007ffeb8d50000 - 0x00007ffeb8d7d000 	C:\WINDOWS\System32\IMM32.DLL
0x000000005a610000 - 0x000000005a6e2000 	F:\Program Files\Java\jdk1.8.0_65\jre\bin\msvcr100.dll
0x0000000059d80000 - 0x000000005a609000 	F:\Program Files\Java\jdk1.8.0_65\jre\bin\server\jvm.dll
0x00007ffeb6c20000 - 0x00007ffeb6c28000 	C:\WINDOWS\System32\PSAPI.DLL
0x00007ffeaa190000 - 0x00007ffeaa199000 	C:\WINDOWS\SYSTEM32\WSOCK32.dll
0x00007ffeb8b90000 - 0x00007ffeb8bfc000 	C:\WINDOWS\System32\WS2_32.dll
0x00007ffeaca60000 - 0x00007ffeaca83000 	C:\WINDOWS\SYSTEM32\WINMM.dll
0x00007ffeb46d0000 - 0x00007ffeb46da000 	C:\WINDOWS\SYSTEM32\VERSION.dll
0x00007ffeaca30000 - 0x00007ffeaca5a000 	C:\WINDOWS\SYSTEM32\WINMMBASE.dll
0x00007ffeb5e20000 - 0x00007ffeb5e6a000 	C:\WINDOWS\System32\cfgmgr32.dll
0x0000000059d70000 - 0x0000000059d7f000 	F:\Program Files\Java\jdk1.8.0_65\jre\bin\verify.dll
0x0000000059d40000 - 0x0000000059d69000 	F:\Program Files\Java\jdk1.8.0_65\jre\bin\java.dll
0x0000000059ca0000 - 0x0000000059cd5000 	F:\Program Files\Java\jdk1.8.0_65\jre\bin\jdwp.dll
0x0000000059c90000 - 0x0000000059c98000 	F:\Program Files\Java\jdk1.8.0_65\jre\bin\npt.dll
0x0000000059c60000 - 0x0000000059c83000 	F:\Program Files\Java\jdk1.8.0_65\jre\bin\instrument.dll
0x0000000059d20000 - 0x0000000059d36000 	F:\Program Files\Java\jdk1.8.0_65\jre\bin\zip.dll
0x00007ffeb7620000 - 0x00007ffeb8a56000 	C:\WINDOWS\System32\SHELL32.dll
0x00007ffeb69e0000 - 0x00007ffeb6a86000 	C:\WINDOWS\System32\shcore.dll
0x00007ffeb56d0000 - 0x00007ffeb5e17000 	C:\WINDOWS\System32\windows.storage.dll
0x00007ffeb6980000 - 0x00007ffeb69d1000 	C:\WINDOWS\System32\shlwapi.dll
0x00007ffeb55c0000 - 0x00007ffeb55d1000 	C:\WINDOWS\System32\kernel.appcore.dll
0x00007ffeb5620000 - 0x00007ffeb566c000 	C:\WINDOWS\System32\powrprof.dll
0x00007ffeb55e0000 - 0x00007ffeb55fb000 	C:\WINDOWS\System32\profapi.dll
0x0000000059c50000 - 0x0000000059c59000 	F:\Program Files\Java\jdk1.8.0_65\jre\bin\dt_socket.dll
0x00007ffeb4df0000 - 0x00007ffeb4e56000 	C:\WINDOWS\system32\mswsock.dll
0x00007ffeb0440000 - 0x00007ffeb0608000 	C:\WINDOWS\SYSTEM32\dbghelp.dll

VM Arguments:
jvm_args: -agentlib:jdwp=transport=dt_socket,address=127.0.0.1:56587,suspend=y,server=n -javaagent:C:\Users\22935\.IdeaIC2017.1\system\groovyHotSwap\gragent.jar -Dfile.encoding=UTF-8 
java_command: com.tw.PrintInfoInConsole
java_class_path (initial): F:\Program Files\Java\jdk1.8.0_65\jre\lib\charsets.jar;F:\Program Files\Java\jdk1.8.0_65\jre\lib\deploy.jar;F:\Program Files\Java\jdk1.8.0_65\jre\lib\ext\access-bridge-64.jar;F:\Program Files\Java\jdk1.8.0_65\jre\lib\ext\cldrdata.jar;F:\Program Files\Java\jdk1.8.0_65\jre\lib\ext\dnsns.jar;F:\Program Files\Java\jdk1.8.0_65\jre\lib\ext\jaccess.jar;F:\Program Files\Java\jdk1.8.0_65\jre\lib\ext\jfxrt.jar;F:\Program Files\Java\jdk1.8.0_65\jre\lib\ext\localedata.jar;F:\Program Files\Java\jdk1.8.0_65\jre\lib\ext\nashorn.jar;F:\Program Files\Java\jdk1.8.0_65\jre\lib\ext\sunec.jar;F:\Program Files\Java\jdk1.8.0_65\jre\lib\ext\sunjce_provider.jar;F:\Program Files\Java\jdk1.8.0_65\jre\lib\ext\sunmscapi.jar;F:\Program Files\Java\jdk1.8.0_65\jre\lib\ext\sunpkcs11.jar;F:\Program Files\Java\jdk1.8.0_65\jre\lib\ext\zipfs.jar;F:\Program Files\Java\jdk1.8.0_65\jre\lib\javaws.jar;F:\Program Files\Java\jdk1.8.0_65\jre\lib\jce.jar;F:\Program Files\Java\jdk1.8.0_65\jre\lib\jfr.jar;F:\Program Files\Java\jdk1.8.0_65\jre\lib\jfxswt.jar;F:\Program Files\Java\jdk1.8.0_65\jre\lib\jsse.jar;F:\Program Files\Java\jdk1.8.0_65\jre\lib\management-agent.jar;F:\Program Files\Java\jdk1.8.0_65\jre\lib\plugin.jar;F:\Program Files\Java\jdk1.8.0_65\jre\lib\resources.jar;F:\Program Files\Java\jdk1.8.0_65\jre\lib\rt.jar;E:\TWHomeWork1\student_score_system\build\classes\main;C:\Users\22935\.gradle\caches\modules-2\files-2.1\org.apache.commons\commons-math3\3.6.1\e4ba98f1d4b3c80ec46392f25e094a6a2e58fcbf\commons-math3-3.6.1.jar;C:\Users\22935\.gradle\caches\modules-2\files-2.1\com.google.guava\guava\20.0\89507701249388e1ed5ddcf8c41f4ce1be7831ef\guava-20.0.jar;F:\Program Files (x86)\IntelliJ IDEA Community Edition 2017.1.2\lib\junit-4.12.jar;F:\Program Files (x86)\IntelliJ IDEA Community Edition 2017.1.2\lib\hamcrest-core-1.3.jar;F:\Program Files (x86)\IntelliJ IDEA Community Edition 2017.1.2\lib\idea_rt.jar;C:\Users\22935\.IdeaIC2017.1\system\groovyHotSwap\gragent.jar
Launcher Type: SUN_STANDARD

Environment Variables:
PATH=F:\Program Files\Java\jdk1.8.0_65\bin;C:\ProgramData\Oracle\Java\javapath;C:\Program Files (x86)\Intel\iCLS Client\;C:\Program Files\Intel\iCLS Client\;C:\WINDOWS\system32;C:\WINDOWS;C:\WINDOWS\System32\Wbem;C:\WINDOWS\System32\WindowsPowerShell\v1.0\;C:\Program Files (x86)\Intel\Intel(R) Management Engine Components\DAL;C:\Program Files\Intel\Intel(R) Management Engine Components\DAL;C:\Program Files (x86)\Intel\Intel(R) Management Engine Components\IPT;C:\Program Files\Intel\Intel(R) Management Engine Components\IPT;D:\Program Files (x86)\Brackets\command;E:\—ßœ∞◊ ¡œ\apache-tomcat-8.5.4\bin;F:\;rogram Files\nodejs\;F:\Program Files\Sublime Text 3;F:\Program Files (x86)\Git\cmd;F:\Program Files\nodejs\;C:\Ruby22\bin;E:\apache-tomcat-8.5.4\lib;C:\Users\22935\AppData\Roaming\npm;C:\Users\22935\AppData\Local\Microsoft\WindowsApps;
USERNAME=22935
OS=Windows_NT
PROCESSOR_IDENTIFIER=Intel64 Family 6 Model 94 Stepping 3, GenuineIntel



---------------  S Y S T E M  ---------------

OS: Windows 10.0 , 64 bit Build 16299 (10.0.16299.15)

CPU:total 4 (4 cores per cpu, 1 threads per core) family 6 model 94 stepping 3, cmov, cx8, fxsr, mmx, sse, sse2, sse3, ssse3, sse4.1, sse4.2, popcnt, avx, avx2, aes, clmul, erms, rtm, 3dnowpref, lzcnt, tsc, tscinvbit, bmi1, bmi2, adx

Memory: 4k page, physical 8250804k(3018836k free), swap 14017972k(5053484k free)

vm_info: Java HotSpot(TM) 64-Bit Server VM (25.65-b01) for windows-amd64 JRE (1.8.0_65-b17), built on Oct  6 2015 16:39:20 by "java_re" with MS VC++ 10.0 (VS2010)

time: Thu Apr 12 10:06:08 2018
elapsed time: 150 seconds (0d 0h 2m 30s)

